<?xml version="1.0" encoding="UTF-8"?>
<coverage generated="1617821178082" clover="3.2.0">
  <project timestamp="1617821178082" name="All files">
    <metrics statements="32" coveredstatements="28" conditionals="10" coveredconditionals="5" methods="11" coveredmethods="8" elements="53" coveredelements="41" complexity="0" loc="32" ncloc="32" packages="3" files="4" classes="4"/>
    <package name="Screens.components">
      <metrics statements="15" coveredstatements="15" conditionals="2" coveredconditionals="1" methods="3" coveredmethods="3"/>
      <file name="calculateTotalPrice.js" path="/Users/noufalfakhri/Amial/Screens/components/calculateTotalPrice.js">
        <metrics statements="7" coveredstatements="7" conditionals="2" coveredconditionals="1" methods="1" coveredmethods="1"/>
        <line num="3" count="2" type="stmt"/>
        <line num="4" count="2" type="stmt"/>
        <line num="5" count="2" type="cond" truecount="1" falsecount="1"/>
        <line num="6" count="2" type="stmt"/>
        <line num="7" count="2" type="stmt"/>
        <line num="8" count="2" type="stmt"/>
        <line num="11" count="2" type="stmt"/>
      </file>
      <file name="checkExpiredDates.js" path="/Users/noufalfakhri/Amial/Screens/components/checkExpiredDates.js">
        <metrics statements="8" coveredstatements="8" conditionals="0" coveredconditionals="0" methods="2" coveredmethods="2"/>
        <line num="4" count="2" type="stmt"/>
        <line num="5" count="2" type="stmt"/>
        <line num="6" count="2" type="stmt"/>
        <line num="8" count="2" type="stmt"/>
        <line num="10" count="5" type="stmt"/>
        <line num="11" count="5" type="stmt"/>
        <line num="15" count="2" type="stmt"/>
        <line num="16" count="2" type="stmt"/>
      </file>
    </package>
    <package name="Screens.profileScreens">
      <metrics statements="9" coveredstatements="8" conditionals="2" coveredconditionals="1" methods="5" coveredmethods="4"/>
      <file name="FAQ.js" path="/Users/noufalfakhri/Amial/Screens/profileScreens/FAQ.js">
        <metrics statements="9" coveredstatements="8" conditionals="2" coveredconditionals="1" methods="5" coveredmethods="4"/>
        <line num="9" count="2" type="stmt"/>
        <line num="55" count="2" type="stmt"/>
        <line num="59" count="18" type="stmt"/>
        <line num="65" count="1" type="stmt"/>
        <line num="66" count="1" type="stmt"/>
        <line num="68" count="1" type="cond" truecount="1" falsecount="1"/>
        <line num="69" count="0" type="stmt"/>
        <line num="75" count="1" type="stmt"/>
        <line num="90" count="1" type="stmt"/>
      </file>
    </package>
    <package name="components">
      <metrics statements="8" coveredstatements="5" conditionals="6" coveredconditionals="3" methods="3" coveredmethods="1"/>
      <file name="FAQComponent.js" path="/Users/noufalfakhri/Amial/components/FAQComponent.js">
        <metrics statements="8" coveredstatements="5" conditionals="6" coveredconditionals="3" methods="3" coveredmethods="1"/>
        <line num="8" count="1" type="cond" truecount="1" falsecount="1"/>
        <line num="12" count="18" type="stmt"/>
        <line num="13" count="18" type="stmt"/>
        <line num="15" count="18" type="stmt"/>
        <line num="16" count="0" type="stmt"/>
        <line num="20" count="18" type="stmt"/>
        <line num="25" count="0" type="stmt"/>
        <line num="26" count="0" type="stmt"/>
      </file>
    </package>
  </project>
</coverage>
