{"/Users/noufalfakhri/Amial/Screens/components/calculateTotalPrice.js": {"path":"/Users/noufalfakhri/Amial/Screens/components/calculateTotalPrice.js","statementMap":{"0":{"start":{"line":3,"column":14},"end":{"line":3,"column":15}},"1":{"start":{"line":4,"column":20},"end":{"line":4,"column":21}},"2":{"start":{"line":5,"column":2},"end":{"line":9,"column":3}},"3":{"start":{"line":6,"column":4},"end":{"line":6,"column":61}},"4":{"start":{"line":7,"column":14},"end":{"line":7,"column":26}},"5":{"start":{"line":8,"column":4},"end":{"line":8,"column":30}},"6":{"start":{"line":11,"column":2},"end":{"line":11,"column":20}}},"fnMap":{"0":{"name":"calculateTotalPrice","decl":{"start":{"line":2,"column":16},"end":{"line":2,"column":35}},"loc":{"start":{"line":2,"column":80},"end":{"line":12,"column":1}},"line":2}},"branchMap":{"0":{"loc":{"start":{"line":5,"column":2},"end":{"line":9,"column":3}},"type":"if","locations":[{"start":{"line":5,"column":2},"end":{"line":9,"column":3}},{"start":{"line":5,"column":2},"end":{"line":9,"column":3}}],"line":5}},"s":{"0":2,"1":2,"2":2,"3":2,"4":2,"5":2,"6":2},"f":{"0":2},"b":{"0":[2,0]},"_coverageSchema":"1a1c01bbd47fc00a2c39e90264f33305004495a9","hash":"e61098dfb647f229a4dd4a6a882ce5a17bad0981"}
,"/Users/noufalfakhri/Amial/Screens/components/checkExpiredDates.js": {"path":"/Users/noufalfakhri/Amial/Screens/components/checkExpiredDates.js","statementMap":{"0":{"start":{"line":4,"column":4},"end":{"line":4,"column":42}},"1":{"start":{"line":5,"column":22},"end":{"line":5,"column":32}},"2":{"start":{"line":6,"column":4},"end":{"line":6,"column":44}},"3":{"start":{"line":8,"column":23},"end":{"line":12,"column":6}},"4":{"start":{"line":10,"column":6},"end":{"line":10,"column":30}},"5":{"start":{"line":11,"column":6},"end":{"line":11,"column":40}},"6":{"start":{"line":15,"column":4},"end":{"line":15,"column":42}},"7":{"start":{"line":16,"column":4},"end":{"line":16,"column":23}}},"fnMap":{"0":{"name":"checkExpiredDates","decl":{"start":{"line":3,"column":17},"end":{"line":3,"column":34}},"loc":{"start":{"line":3,"column":45},"end":{"line":18,"column":3}},"line":3},"1":{"name":"(anonymous_1)","decl":{"start":{"line":8,"column":36},"end":{"line":8,"column":37}},"loc":{"start":{"line":8,"column":49},"end":{"line":12,"column":5}},"line":8}},"branchMap":{},"s":{"0":2,"1":2,"2":2,"3":2,"4":5,"5":5,"6":2,"7":2},"f":{"0":2,"1":5},"b":{},"_coverageSchema":"1a1c01bbd47fc00a2c39e90264f33305004495a9","hash":"698829df3b9b99ddb8c61f8b5c4af7f15a4cca7b"}
,"/Users/noufalfakhri/Amial/Screens/profileScreens/FAQ.js": {"path":"/Users/noufalfakhri/Amial/Screens/profileScreens/FAQ.js","statementMap":{"0":{"start":{"line":9,"column":11},"end":{"line":49,"column":4}},"1":{"start":{"line":55,"column":6},"end":{"line":85,"column":8}},"2":{"start":{"line":59,"column":41},"end":{"line":59,"column":69}},"3":{"start":{"line":65,"column":35},"end":{"line":65,"column":47}},"4":{"start":{"line":66,"column":21},"end":{"line":77,"column":26}},"5":{"start":{"line":68,"column":27},"end":{"line":76,"column":28}},"6":{"start":{"line":69,"column":30},"end":{"line":73,"column":33}},"7":{"start":{"line":75,"column":30},"end":{"line":75,"column":134}},"8":{"start":{"line":75,"column":117},"end":{"line":75,"column":132}},"9":{"start":{"line":90,"column":15},"end":{"line":105,"column":2}}},"fnMap":{"0":{"name":"(anonymous_0)","decl":{"start":{"line":54,"column":3},"end":{"line":54,"column":4}},"loc":{"start":{"line":54,"column":12},"end":{"line":87,"column":4}},"line":54},"1":{"name":"(anonymous_1)","decl":{"start":{"line":59,"column":27},"end":{"line":59,"column":28}},"loc":{"start":{"line":59,"column":41},"end":{"line":59,"column":69}},"line":59},"2":{"name":"(anonymous_2)","decl":{"start":{"line":64,"column":27},"end":{"line":64,"column":28}},"loc":{"start":{"line":64,"column":33},"end":{"line":78,"column":19}},"line":64},"3":{"name":"(anonymous_3)","decl":{"start":{"line":67,"column":30},"end":{"line":67,"column":31}},"loc":{"start":{"line":67,"column":43},"end":{"line":77,"column":25}},"line":67},"4":{"name":"(anonymous_4)","decl":{"start":{"line":75,"column":112},"end":{"line":75,"column":113}},"loc":{"start":{"line":75,"column":117},"end":{"line":75,"column":132}},"line":75}},"branchMap":{"0":{"loc":{"start":{"line":68,"column":27},"end":{"line":76,"column":28}},"type":"if","locations":[{"start":{"line":68,"column":27},"end":{"line":76,"column":28}},{"start":{"line":68,"column":27},"end":{"line":76,"column":28}}],"line":68}},"s":{"0":2,"1":2,"2":18,"3":1,"4":1,"5":1,"6":0,"7":1,"8":0,"9":1},"f":{"0":2,"1":18,"2":1,"3":1,"4":0},"b":{"0":[0,1]},"_coverageSchema":"1a1c01bbd47fc00a2c39e90264f33305004495a9","hash":"0e1f736af8340b3c18276304a3a20bcd462ad240"}
,"/Users/noufalfakhri/Amial/components/FAQComponent.js": {"path":"/Users/noufalfakhri/Amial/components/FAQComponent.js","statementMap":{"0":{"start":{"line":8,"column":0},"end":{"line":8,"column":105}},"1":{"start":{"line":12,"column":0},"end":{"line":12,"column":23}},"2":{"start":{"line":13,"column":24},"end":{"line":13,"column":39}},"3":{"start":{"line":15,"column":17},"end":{"line":19,"column":1}},"4":{"start":{"line":16,"column":0},"end":{"line":18,"column":2}},"5":{"start":{"line":20,"column":0},"end":{"line":49,"column":1}},"6":{"start":{"line":25,"column":0},"end":{"line":25,"column":14}},"7":{"start":{"line":26,"column":0},"end":{"line":26,"column":10}}},"fnMap":{"0":{"name":"FAQComponent","decl":{"start":{"line":11,"column":24},"end":{"line":11,"column":36}},"loc":{"start":{"line":11,"column":44},"end":{"line":50,"column":1}},"line":11},"1":{"name":"(anonymous_1)","decl":{"start":{"line":15,"column":17},"end":{"line":15,"column":18}},"loc":{"start":{"line":15,"column":23},"end":{"line":19,"column":1}},"line":15},"2":{"name":"(anonymous_2)","decl":{"start":{"line":24,"column":9},"end":{"line":24,"column":10}},"loc":{"start":{"line":24,"column":15},"end":{"line":27,"column":1}},"line":24}},"branchMap":{"0":{"loc":{"start":{"line":8,"column":0},"end":{"line":8,"column":104}},"type":"binary-expr","locations":[{"start":{"line":8,"column":0},"end":{"line":8,"column":47}},{"start":{"line":8,"column":51},"end":{"line":8,"column":104}}],"line":8},"1":{"loc":{"start":{"line":30,"column":20},"end":{"line":30,"column":43}},"type":"cond-expr","locations":[{"start":{"line":30,"column":27},"end":{"line":30,"column":34}},{"start":{"line":30,"column":37},"end":{"line":30,"column":43}}],"line":30},"2":{"loc":{"start":{"line":39,"column":1},"end":{"line":46,"column":14}},"type":"cond-expr","locations":[{"start":{"line":39,"column":8},"end":{"line":46,"column":7}},{"start":{"line":46,"column":10},"end":{"line":46,"column":14}}],"line":39}},"s":{"0":1,"1":18,"2":18,"3":18,"4":0,"5":18,"6":0,"7":0},"f":{"0":18,"1":0,"2":0},"b":{"0":[1,0],"1":[0,18],"2":[0,18]},"_coverageSchema":"1a1c01bbd47fc00a2c39e90264f33305004495a9","hash":"b225586ed4d65b27515bbddca925a16a1a85dbc3"}
}
