{"/Users/noufalfakhri/Amial/Screens/components/checkExpiredDates.js": {"path":"/Users/noufalfakhri/Amial/Screens/components/checkExpiredDates.js","statementMap":{"0":{"start":{"line":4,"column":4},"end":{"line":4,"column":42}},"1":{"start":{"line":5,"column":22},"end":{"line":5,"column":32}},"2":{"start":{"line":6,"column":4},"end":{"line":6,"column":44}},"3":{"start":{"line":8,"column":23},"end":{"line":12,"column":6}},"4":{"start":{"line":10,"column":6},"end":{"line":10,"column":30}},"5":{"start":{"line":11,"column":6},"end":{"line":11,"column":40}},"6":{"start":{"line":15,"column":4},"end":{"line":15,"column":42}},"7":{"start":{"line":16,"column":4},"end":{"line":16,"column":23}}},"fnMap":{"0":{"name":"checkExpiredDates","decl":{"start":{"line":3,"column":17},"end":{"line":3,"column":34}},"loc":{"start":{"line":3,"column":45},"end":{"line":18,"column":3}},"line":3},"1":{"name":"(anonymous_1)","decl":{"start":{"line":8,"column":36},"end":{"line":8,"column":37}},"loc":{"start":{"line":8,"column":49},"end":{"line":12,"column":5}},"line":8}},"branchMap":{},"s":{"0":2,"1":2,"2":2,"3":2,"4":5,"5":5,"6":2,"7":2},"f":{"0":2,"1":5},"b":{},"_coverageSchema":"1a1c01bbd47fc00a2c39e90264f33305004495a9","hash":"698829df3b9b99ddb8c61f8b5c4af7f15a4cca7b"}
}
