TN:
SF:Screens/components/calculateTotalPrice.js
FN:2,calculateTotalPrice
FNF:1
FNH:1
FNDA:2,calculateTotalPrice
DA:3,2
DA:4,2
DA:5,2
DA:6,2
DA:7,2
DA:8,2
DA:11,2
LF:7
LH:7
BRDA:5,0,0,2
BRDA:5,0,1,0
BRF:2
BRH:1
end_of_record
TN:
SF:Screens/components/checkExpiredDates.js
FN:3,checkExpiredDates
FN:8,(anonymous_1)
FNF:2
FNH:2
FNDA:2,checkExpiredDates
FNDA:5,(anonymous_1)
DA:4,2
DA:5,2
DA:6,2
DA:8,2
DA:10,5
DA:11,5
DA:15,2
DA:16,2
LF:8
LH:8
BRF:0
BRH:0
end_of_record
TN:
SF:Screens/profileScreens/FAQ.js
FN:54,(anonymous_0)
FN:59,(anonymous_1)
FN:64,(anonymous_2)
FN:67,(anonymous_3)
FN:75,(anonymous_4)
FNF:5
FNH:4
FNDA:2,(anonymous_0)
FNDA:18,(anonymous_1)
FNDA:1,(anonymous_2)
FNDA:1,(anonymous_3)
FNDA:0,(anonymous_4)
DA:9,2
DA:55,2
DA:59,18
DA:65,1
DA:66,1
DA:68,1
DA:69,0
DA:75,1
DA:90,1
LF:9
LH:8
BRDA:68,0,0,0
BRDA:68,0,1,1
BRF:2
BRH:1
end_of_record
TN:
SF:components/FAQComponent.js
FN:11,FAQComponent
FN:15,(anonymous_1)
FN:24,(anonymous_2)
FNF:3
FNH:1
FNDA:18,FAQComponent
FNDA:0,(anonymous_1)
FNDA:0,(anonymous_2)
DA:8,1
DA:12,18
DA:13,18
DA:15,18
DA:16,0
DA:20,18
DA:25,0
DA:26,0
LF:8
LH:5
BRDA:8,0,0,1
BRDA:8,0,1,0
BRDA:30,1,0,0
BRDA:30,1,1,18
BRDA:39,2,0,0
BRDA:39,2,1,18
BRF:6
BRH:3
end_of_record
